<?xml version="1.0" encoding="utf-8"?><testsuites name="pytest tests"><testsuite name="pytest" errors="0" failures="0" skipped="0" tests="11" time="4.515" timestamp="2026-03-12T14:41:59.971635+00:00" hostname="agent-env-2b8210dc-b858-44ac-a8bc-7605c4334b63"><testcase classname="tests.test_natal_chart.TestNatalChartAPI" name="test_01_login_successful" time="0.371" /><testcase classname="tests.test_natal_chart.TestNatalChartAPI" name="test_02_generate_natal_chart" time="1.175" /><testcase classname="tests.test_natal_chart.TestNatalChartAPI" name="test_03_get_saved_natal_chart" time="0.132" /><testcase classname="tests.test_natal_chart.TestNatalChartAPI" name="test_04_download_pdf" time="1.027" /><testcase classname="tests.test_natal_chart.TestNatalChartAPI" name="test_05_download_docx" time="0.925" /><testcase classname="tests.test_natal_chart.TestNatalChartAPI" name="test_06_verify_aspect_field_names_in_chart" time="0.145" /><testcase classname="tests.test_natal_chart.TestNatalChartAPI" name="test_07_verify_quadratura_aspect_filter" time="0.157" /><testcase classname="tests.test_natal_chart.TestNatalChartWithoutAuth" name="test_get_chart_without_auth" time="0.115" /><testcase classname="tests.test_natal_chart.TestNatalChartWithoutAuth" name="test_pdf_without_auth" time="0.116" /><testcase classname="tests.test_natal_chart.TestNatalChartWithoutAuth" name="test_docx_without_auth" time="0.114" /><testcase classname="tests.test_natal_chart.TestNatalChartWithoutAuth" name="test_generate_without_auth" time="0.180" /></testsuite></testsuites>